[2023-12-11 19:36:10] - Closing JPA EntityManagerFactory for persistence unit 'default'
[2023-12-11 19:36:10] - HikariPool-1 - Shutdown initiated...
[2023-12-11 19:36:10] - HikariPool-1 - Shutdown completed.
[2023-12-11 19:37:27] - Starting TerminSagerBotApplication using Java 19.0.1 with PID 3668 (F:\Java\TerminSagerBot\target\classes started by tjapka in F:\Java\TerminSagerBot)
[2023-12-11 19:37:27] - No active profile set, falling back to 1 default profile: "default"
[2023-12-11 19:37:27] - Bootstrapping Spring Data JPA repositories in DEFAULT mode.
[2023-12-11 19:37:28] - Finished Spring Data repository scanning in 45 ms. Found 3 JPA repository interfaces.
[2023-12-11 19:37:28] - HHH000204: Processing PersistenceUnitInfo [name: default]
[2023-12-11 19:37:28] - HHH000412: Hibernate ORM core version 6.2.13.Final
[2023-12-11 19:37:28] - HHH000406: Using bytecode reflection optimizer
[2023-12-11 19:37:28] - No LoadTimeWeaver setup: ignoring JPA class transformer
[2023-12-11 19:37:28] - HikariPool-1 - Starting...
[2023-12-11 19:37:28] - HikariPool-1 - Added connection com.mysql.cj.jdbc.ConnectionImpl@4fea840f
[2023-12-11 19:37:28] - HikariPool-1 - Start completed.
[2023-12-11 19:37:28] - HHH90000025: MySQL8Dialect does not need to be specified explicitly using 'hibernate.dialect' (remove the property setting and it will be selected by default)
[2023-12-11 19:37:28] - HHH90000026: MySQL8Dialect has been deprecated; use org.hibernate.dialect.MySQLDialect instead
[2023-12-11 19:37:29] - HHH000489: No JTA platform available (set 'hibernate.transaction.jta.platform' to enable JTA platform integration)
[2023-12-11 19:37:29] - Initialized JPA EntityManagerFactory for persistence unit 'default'
[2023-12-11 19:37:30] - Started TerminSagerBotApplication in 2.991 seconds (process running for 3.717)
[2023-12-11 19:38:06] - Closing JPA EntityManagerFactory for persistence unit 'default'
[2023-12-11 19:38:06] - HikariPool-1 - Shutdown initiated...
[2023-12-11 19:38:06] - HikariPool-1 - Shutdown completed.
[2023-12-11 19:39:12] - Starting TerminSagerBotApplication using Java 19.0.1 with PID 19100 (F:\Java\TerminSagerBot\target\classes started by tjapka in F:\Java\TerminSagerBot)
[2023-12-11 19:39:12] - No active profile set, falling back to 1 default profile: "default"
[2023-12-11 19:39:12] - Bootstrapping Spring Data JPA repositories in DEFAULT mode.
[2023-12-11 19:39:12] - Finished Spring Data repository scanning in 46 ms. Found 3 JPA repository interfaces.
[2023-12-11 19:39:12] - HHH000204: Processing PersistenceUnitInfo [name: default]
[2023-12-11 19:39:12] - HHH000412: Hibernate ORM core version 6.2.13.Final
[2023-12-11 19:39:12] - HHH000406: Using bytecode reflection optimizer
[2023-12-11 19:39:13] - No LoadTimeWeaver setup: ignoring JPA class transformer
[2023-12-11 19:39:13] - HikariPool-1 - Starting...
[2023-12-11 19:39:13] - HikariPool-1 - Added connection com.mysql.cj.jdbc.ConnectionImpl@4fea840f
[2023-12-11 19:39:13] - HikariPool-1 - Start completed.
[2023-12-11 19:39:13] - HHH90000025: MySQL8Dialect does not need to be specified explicitly using 'hibernate.dialect' (remove the property setting and it will be selected by default)
[2023-12-11 19:39:13] - HHH90000026: MySQL8Dialect has been deprecated; use org.hibernate.dialect.MySQLDialect instead
[2023-12-11 19:39:14] - HHH000489: No JTA platform available (set 'hibernate.transaction.jta.platform' to enable JTA platform integration)
[2023-12-11 19:39:14] - Initialized JPA EntityManagerFactory for persistence unit 'default'
[2023-12-11 19:39:14] - Started TerminSagerBotApplication in 3.047 seconds (process running for 3.775)
[2023-12-11 19:40:00] - Tomorrow is ???? ????? birthday |  12.12.1992
[2023-12-11 19:40:00] - Tomorrow is ?? ???? birthday |  12.12.1987
[2023-12-11 19:41:53] - Closing JPA EntityManagerFactory for persistence unit 'default'
[2023-12-11 19:41:53] - HikariPool-1 - Shutdown initiated...
[2023-12-11 19:41:53] - HikariPool-1 - Shutdown completed.
[2023-12-11 19:42:29] - Starting TerminSagerBotApplication using Java 19.0.1 with PID 16504 (F:\Java\TerminSagerBot\target\classes started by tjapka in F:\Java\TerminSagerBot)
[2023-12-11 19:42:29] - No active profile set, falling back to 1 default profile: "default"
[2023-12-11 19:42:29] - Bootstrapping Spring Data JPA repositories in DEFAULT mode.
[2023-12-11 19:42:29] - Finished Spring Data repository scanning in 48 ms. Found 3 JPA repository interfaces.
[2023-12-11 19:42:30] - HHH000204: Processing PersistenceUnitInfo [name: default]
[2023-12-11 19:42:30] - HHH000412: Hibernate ORM core version 6.2.13.Final
[2023-12-11 19:42:30] - HHH000406: Using bytecode reflection optimizer
[2023-12-11 19:42:30] - No LoadTimeWeaver setup: ignoring JPA class transformer
[2023-12-11 19:42:30] - HikariPool-1 - Starting...
[2023-12-11 19:42:30] - HikariPool-1 - Added connection com.mysql.cj.jdbc.ConnectionImpl@4fea840f
[2023-12-11 19:42:30] - HikariPool-1 - Start completed.
[2023-12-11 19:42:30] - HHH90000025: MySQL8Dialect does not need to be specified explicitly using 'hibernate.dialect' (remove the property setting and it will be selected by default)
[2023-12-11 19:42:30] - HHH90000026: MySQL8Dialect has been deprecated; use org.hibernate.dialect.MySQLDialect instead
[2023-12-11 19:42:31] - HHH000489: No JTA platform available (set 'hibernate.transaction.jta.platform' to enable JTA platform integration)
[2023-12-11 19:42:31] - Initialized JPA EntityManagerFactory for persistence unit 'default'
[2023-12-11 19:42:32] - Started TerminSagerBotApplication in 3.04 seconds (process running for 3.764)
[2023-12-11 19:42:32] - Closing JPA EntityManagerFactory for persistence unit 'default'
[2023-12-11 19:42:32] - HikariPool-1 - Shutdown initiated...
[2023-12-11 19:42:32] - 

Error starting ApplicationContext. To display the condition evaluation report re-run your application with 'debug' enabled.
[2023-12-11 19:42:32] - HikariPool-1 - Shutdown completed.
[2023-12-11 22:57:27] - Starting TerminSagerBotApplication using Java 19.0.1 with PID 30328 (F:\Java\TerminSagerBot\target\classes started by tjapka in F:\Java\TerminSagerBot)
[2023-12-11 22:57:27] - No active profile set, falling back to 1 default profile: "default"
[2023-12-11 22:57:27] - Bootstrapping Spring Data JPA repositories in DEFAULT mode.
[2023-12-11 22:57:27] - Finished Spring Data repository scanning in 46 ms. Found 3 JPA repository interfaces.
[2023-12-11 22:57:27] - HHH000204: Processing PersistenceUnitInfo [name: default]
[2023-12-11 22:57:27] - HHH000412: Hibernate ORM core version 6.2.13.Final
[2023-12-11 22:57:27] - HHH000406: Using bytecode reflection optimizer
[2023-12-11 22:57:28] - No LoadTimeWeaver setup: ignoring JPA class transformer
[2023-12-11 22:57:28] - HikariPool-1 - Starting...
[2023-12-11 22:57:28] - HikariPool-1 - Added connection com.mysql.cj.jdbc.ConnectionImpl@4fd74223
[2023-12-11 22:57:28] - HikariPool-1 - Start completed.
[2023-12-11 22:57:28] - HHH90000025: MySQL8Dialect does not need to be specified explicitly using 'hibernate.dialect' (remove the property setting and it will be selected by default)
[2023-12-11 22:57:28] - HHH90000026: MySQL8Dialect has been deprecated; use org.hibernate.dialect.MySQLDialect instead
[2023-12-11 22:57:29] - HHH000489: No JTA platform available (set 'hibernate.transaction.jta.platform' to enable JTA platform integration)
[2023-12-11 22:57:29] - Initialized JPA EntityManagerFactory for persistence unit 'default'
[2023-12-11 22:57:30] - Started TerminSagerBotApplication in 3.274 seconds (process running for 4.313)
[2023-12-11 22:57:30] - null: Type this message: ?? ????? ?????? ???? ?????????? ? ???? ????? ???????? ???????? ??????? ???? ???????????? ?
[2023-12-11 22:57:30] - null: Type this message: ????? ????????
[2023-12-11 22:57:30] - null: Type this message: ?????? ???? ?????????
[2023-12-11 22:57:30] - null: Type this message: ?? ????
[2023-12-11 22:57:30] - null: Type this message: ?? ??? ???
[2023-12-11 22:57:30] - null: Type this message: ?? ???? ?? ????
[2023-12-11 22:57:30] - null: Type this message: ?? ???????? ????? ??????? ????
[2023-12-11 22:57:30] - null: Type this message: ?? ?????? ? ?? ? ???? ??? 21:51
[2023-12-11 22:57:30] - DjTjapka: Type this message: ????????
[2023-12-11 22:57:30] - null: Type this message: ??
[2023-12-11 22:57:30] - DjTjapka: Type this message: ?????
[2023-12-11 22:57:30] - null: Type this message: ?????
[2023-12-11 22:57:30] - DjTjapka: Type this message: ? ???? ????? ?????? ?????
[2023-12-11 22:57:30] - DjTjapka: Type this message: ????????? ???? ??? ?????
[2023-12-11 22:57:30] - DjTjapka: Type this message: ??????? ???? ??????? ???
[2023-12-11 22:57:30] - DjTjapka: Type this message: ??? ???????? ? ??????
[2023-12-11 22:57:30] - null: Type this message: ????????? ???? ??
[2023-12-11 22:57:30] - null: Type this message: ??????? ?? ???????
[2023-12-11 22:57:30] - DjTjapka: Type this message: ? ???? ????? ?????? ?????
[2023-12-11 22:57:30] - DjTjapka: Type this message: ??????? ??? ?? ? ???? ????
[2023-12-11 22:57:30] - null: Type this message: ? ???? ???? ????? ?????
[2023-12-11 22:57:30] - DjTjapka: Type this message: ?? ?????? ???????? ???
[2023-12-11 22:57:30] - null: Type this message: ?? ?????? ???????
[2023-12-11 22:59:00] - Closing JPA EntityManagerFactory for persistence unit 'default'
[2023-12-11 22:59:00] - HikariPool-1 - Shutdown initiated...
[2023-12-11 22:59:00] - HikariPool-1 - Shutdown completed.
