[2023-12-12 14:49:50] - Show UserData: DjTjapka, ?????, ?????, Registered: 2023-12-11 16:28:19.168, User have saved Termins: 3
, User have saved Birthdays: 3
, User have saved Reminders: 7

[2023-12-12 14:49:54] - Replied to user: DjTjapka user falls command /showreminders
[2023-12-12 14:50:17] - Closing JPA EntityManagerFactory for persistence unit 'default'
[2023-12-12 14:50:17] - HikariPool-1 - Shutdown initiated...
[2023-12-12 14:50:17] - HikariPool-1 - Shutdown completed.
[2023-12-12 14:50:21] - Starting TerminSagerBotApplication using Java 19.0.1 with PID 27084 (F:\Java\TerminSagerBot\target\classes started by tjapka in F:\Java\TerminSagerBot)
[2023-12-12 14:50:21] - No active profile set, falling back to 1 default profile: "default"
[2023-12-12 14:50:22] - Bootstrapping Spring Data JPA repositories in DEFAULT mode.
[2023-12-12 14:50:22] - Finished Spring Data repository scanning in 50 ms. Found 4 JPA repository interfaces.
[2023-12-12 14:50:22] - HHH000204: Processing PersistenceUnitInfo [name: default]
[2023-12-12 14:50:22] - HHH000412: Hibernate ORM core version 6.2.13.Final
[2023-12-12 14:50:22] - HHH000406: Using bytecode reflection optimizer
[2023-12-12 14:50:22] - No LoadTimeWeaver setup: ignoring JPA class transformer
[2023-12-12 14:50:22] - HikariPool-1 - Starting...
[2023-12-12 14:50:23] - HikariPool-1 - Added connection com.mysql.cj.jdbc.ConnectionImpl@6812c8cc
[2023-12-12 14:50:23] - HikariPool-1 - Start completed.
[2023-12-12 14:50:23] - HHH90000025: MySQL8Dialect does not need to be specified explicitly using 'hibernate.dialect' (remove the property setting and it will be selected by default)
[2023-12-12 14:50:23] - HHH90000026: MySQL8Dialect has been deprecated; use org.hibernate.dialect.MySQLDialect instead
[2023-12-12 14:50:24] - HHH000489: No JTA platform available (set 'hibernate.transaction.jta.platform' to enable JTA platform integration)
[2023-12-12 14:50:24] - Initialized JPA EntityManagerFactory for persistence unit 'default'
[2023-12-12 14:50:24] - Started TerminSagerBotApplication in 3.102 seconds (process running for 3.809)
[2023-12-12 14:50:29] - Replied to user: DjTjapka user falls command /showreminders
[2023-12-12 14:50:38] - Show UserData: DjTjapka, ?????, ?????, Registered: 2023-12-11 16:28:19.168, User have saved Termins: 3
, User have saved Birthdays: 3
, User have saved Reminders: 7

[2023-12-12 14:50:41] - User show your List of all Reminders: 7
[2023-12-12 14:50:49] - User show your List of all Reminders: 7
[2023-12-12 14:50:59] - deleted Reminder: 1 Braek 12:00
[2023-12-12 14:51:22] - User show your List of all Birthdays: 3
[2023-12-12 14:51:33] - deleted Birthday: 20 ?? ????
[2023-12-12 14:53:37] - Closing JPA EntityManagerFactory for persistence unit 'default'
[2023-12-12 14:53:37] - HikariPool-1 - Shutdown initiated...
[2023-12-12 14:53:37] - HikariPool-1 - Shutdown completed.
[2023-12-12 14:53:44] - Starting TerminSagerBotApplication using Java 19.0.1 with PID 26096 (F:\Java\TerminSagerBot\target\classes started by tjapka in F:\Java\TerminSagerBot)
[2023-12-12 14:53:44] - No active profile set, falling back to 1 default profile: "default"
[2023-12-12 14:53:44] - Bootstrapping Spring Data JPA repositories in DEFAULT mode.
[2023-12-12 14:53:44] - Finished Spring Data repository scanning in 48 ms. Found 4 JPA repository interfaces.
[2023-12-12 14:53:44] - HHH000204: Processing PersistenceUnitInfo [name: default]
[2023-12-12 14:53:45] - HHH000412: Hibernate ORM core version 6.2.13.Final
[2023-12-12 14:53:45] - HHH000406: Using bytecode reflection optimizer
[2023-12-12 14:53:45] - No LoadTimeWeaver setup: ignoring JPA class transformer
[2023-12-12 14:53:45] - HikariPool-1 - Starting...
[2023-12-12 14:53:45] - HikariPool-1 - Added connection com.mysql.cj.jdbc.ConnectionImpl@46a8c2b4
[2023-12-12 14:53:45] - HikariPool-1 - Start completed.
[2023-12-12 14:53:45] - HHH90000025: MySQL8Dialect does not need to be specified explicitly using 'hibernate.dialect' (remove the property setting and it will be selected by default)
[2023-12-12 14:53:45] - HHH90000026: MySQL8Dialect has been deprecated; use org.hibernate.dialect.MySQLDialect instead
[2023-12-12 14:53:46] - HHH000489: No JTA platform available (set 'hibernate.transaction.jta.platform' to enable JTA platform integration)
[2023-12-12 14:53:46] - Initialized JPA EntityManagerFactory for persistence unit 'default'
[2023-12-12 14:53:47] - Started TerminSagerBotApplication in 3.197 seconds (process running for 3.923)
[2023-12-12 14:54:26] - User: DjTjapka created a new Reminder: Braek 1 3 5 7 15:00
[2023-12-12 14:54:26] - DjTjapka | Reminder saved: Braek 1 3 5 7 15:00
[2023-12-12 14:55:26] - Closing JPA EntityManagerFactory for persistence unit 'default'
[2023-12-12 14:55:26] - HikariPool-1 - Shutdown initiated...
[2023-12-12 14:55:26] - HikariPool-1 - Shutdown completed.
