[2023-12-12 12:14:21] - Starting TerminSagerBotApplication using Java 19.0.1 with PID 14220 (F:\Java\TerminSagerBot\target\classes started by tjapka in F:\Java\TerminSagerBot)
[2023-12-12 12:14:21] - No active profile set, falling back to 1 default profile: "default"
[2023-12-12 12:14:22] - Bootstrapping Spring Data JPA repositories in DEFAULT mode.
[2023-12-12 12:14:22] - Finished Spring Data repository scanning in 62 ms. Found 4 JPA repository interfaces.
[2023-12-12 12:14:23] - HHH000204: Processing PersistenceUnitInfo [name: default]
[2023-12-12 12:14:23] - HHH000412: Hibernate ORM core version 6.2.13.Final
[2023-12-12 12:14:23] - HHH000406: Using bytecode reflection optimizer
[2023-12-12 12:14:25] - No LoadTimeWeaver setup: ignoring JPA class transformer
[2023-12-12 12:14:25] - HikariPool-1 - Starting...
[2023-12-12 12:14:25] - HikariPool-1 - Added connection com.mysql.cj.jdbc.ConnectionImpl@686cf8ad
[2023-12-12 12:14:25] - HikariPool-1 - Start completed.
[2023-12-12 12:14:25] - HHH90000025: MySQL8Dialect does not need to be specified explicitly using 'hibernate.dialect' (remove the property setting and it will be selected by default)
[2023-12-12 12:14:25] - HHH90000026: MySQL8Dialect has been deprecated; use org.hibernate.dialect.MySQLDialect instead
[2023-12-12 12:14:27] - HHH000489: No JTA platform available (set 'hibernate.transaction.jta.platform' to enable JTA platform integration)
[2023-12-12 12:14:28] - Initialized JPA EntityManagerFactory for persistence unit 'default'
[2023-12-12 12:14:29] - Started TerminSagerBotApplication in 8.474 seconds (process running for 9.691)
[2023-12-12 12:14:30] - null: Type this message: ? ? ??????? ??? ?? ????
[2023-12-12 12:14:30] - null: Type this message: ??
[2023-12-12 12:14:30] - null: Type this message: ???????
[2023-12-12 12:14:30] - null: Type this message: ???? ??? ? ?? ????? ???????
[2023-12-12 12:14:30] - null: Type this message: ??????
[2023-12-12 12:14:30] - null: Type this message: ???????? ?????
[2023-12-12 12:15:54] - you have not Birthdays
[2023-12-12 12:18:45] - Closing JPA EntityManagerFactory for persistence unit 'default'
[2023-12-12 12:18:45] - HikariPool-1 - Shutdown initiated...
[2023-12-12 12:18:45] - HikariPool-1 - Shutdown completed.
[2023-12-12 12:19:43] - Starting TerminSagerBotApplication using Java 19.0.1 with PID 25832 (F:\Java\TerminSagerBot\target\classes started by tjapka in F:\Java\TerminSagerBot)
[2023-12-12 12:19:43] - No active profile set, falling back to 1 default profile: "default"
[2023-12-12 12:19:43] - Bootstrapping Spring Data JPA repositories in DEFAULT mode.
[2023-12-12 12:19:43] - Finished Spring Data repository scanning in 50 ms. Found 4 JPA repository interfaces.
[2023-12-12 12:19:43] - HHH000204: Processing PersistenceUnitInfo [name: default]
[2023-12-12 12:19:43] - HHH000412: Hibernate ORM core version 6.2.13.Final
[2023-12-12 12:19:43] - HHH000406: Using bytecode reflection optimizer
[2023-12-12 12:19:43] - No LoadTimeWeaver setup: ignoring JPA class transformer
[2023-12-12 12:19:43] - HikariPool-1 - Starting...
[2023-12-12 12:19:44] - HikariPool-1 - Added connection com.mysql.cj.jdbc.ConnectionImpl@4f664bee
[2023-12-12 12:19:44] - HikariPool-1 - Start completed.
[2023-12-12 12:19:44] - HHH90000025: MySQL8Dialect does not need to be specified explicitly using 'hibernate.dialect' (remove the property setting and it will be selected by default)
[2023-12-12 12:19:44] - HHH90000026: MySQL8Dialect has been deprecated; use org.hibernate.dialect.MySQLDialect instead
[2023-12-12 12:19:45] - HHH000489: No JTA platform available (set 'hibernate.transaction.jta.platform' to enable JTA platform integration)
[2023-12-12 12:19:45] - Initialized JPA EntityManagerFactory for persistence unit 'default'
[2023-12-12 12:19:45] - Started TerminSagerBotApplication in 3.141 seconds (process running for 3.875)
[2023-12-12 12:21:00] - Show UserData: DjTjapka, ?????, ?????, Registered: 2023-12-11 16:28:19.168, User have saved Termins: 3
, User have saved Birthdays: 3

[2023-12-12 12:21:02] - User show your List of all Birthdays: 3
[2023-12-12 12:21:23] - you have not Birthdays
[2023-12-12 12:23:54] - Closing JPA EntityManagerFactory for persistence unit 'default'
[2023-12-12 12:23:54] - HikariPool-1 - Shutdown initiated...
[2023-12-12 12:23:54] - HikariPool-1 - Shutdown completed.
[2023-12-12 12:23:58] - Starting TerminSagerBotApplication using Java 19.0.1 with PID 24776 (F:\Java\TerminSagerBot\target\classes started by tjapka in F:\Java\TerminSagerBot)
[2023-12-12 12:23:58] - No active profile set, falling back to 1 default profile: "default"
[2023-12-12 12:23:58] - Bootstrapping Spring Data JPA repositories in DEFAULT mode.
[2023-12-12 12:23:59] - Finished Spring Data repository scanning in 49 ms. Found 4 JPA repository interfaces.
[2023-12-12 12:23:59] - HHH000204: Processing PersistenceUnitInfo [name: default]
[2023-12-12 12:23:59] - HHH000412: Hibernate ORM core version 6.2.13.Final
[2023-12-12 12:23:59] - HHH000406: Using bytecode reflection optimizer
[2023-12-12 12:23:59] - No LoadTimeWeaver setup: ignoring JPA class transformer
[2023-12-12 12:23:59] - HikariPool-1 - Starting...
[2023-12-12 12:23:59] - HikariPool-1 - Added connection com.mysql.cj.jdbc.ConnectionImpl@3457cc8d
[2023-12-12 12:23:59] - HikariPool-1 - Start completed.
[2023-12-12 12:23:59] - HHH90000025: MySQL8Dialect does not need to be specified explicitly using 'hibernate.dialect' (remove the property setting and it will be selected by default)
[2023-12-12 12:23:59] - HHH90000026: MySQL8Dialect has been deprecated; use org.hibernate.dialect.MySQLDialect instead
[2023-12-12 12:24:00] - HHH000489: No JTA platform available (set 'hibernate.transaction.jta.platform' to enable JTA platform integration)
[2023-12-12 12:24:00] - Initialized JPA EntityManagerFactory for persistence unit 'default'
[2023-12-12 12:24:01] - Started TerminSagerBotApplication in 3.171 seconds (process running for 3.897)
[2023-12-12 12:24:16] - you have not Reminders
[2023-12-12 12:26:08] - Closing JPA EntityManagerFactory for persistence unit 'default'
[2023-12-12 12:26:08] - HikariPool-1 - Shutdown initiated...
[2023-12-12 12:26:08] - HikariPool-1 - Shutdown completed.
[2023-12-12 12:26:13] - Starting TerminSagerBotApplication using Java 19.0.1 with PID 26144 (F:\Java\TerminSagerBot\target\classes started by tjapka in F:\Java\TerminSagerBot)
[2023-12-12 12:26:13] - No active profile set, falling back to 1 default profile: "default"
[2023-12-12 12:26:13] - Bootstrapping Spring Data JPA repositories in DEFAULT mode.
[2023-12-12 12:26:13] - Finished Spring Data repository scanning in 44 ms. Found 4 JPA repository interfaces.
[2023-12-12 12:26:14] - HHH000204: Processing PersistenceUnitInfo [name: default]
[2023-12-12 12:26:14] - HHH000412: Hibernate ORM core version 6.2.13.Final
[2023-12-12 12:26:14] - HHH000406: Using bytecode reflection optimizer
[2023-12-12 12:26:14] - No LoadTimeWeaver setup: ignoring JPA class transformer
[2023-12-12 12:26:14] - HikariPool-1 - Starting...
[2023-12-12 12:26:14] - HikariPool-1 - Added connection com.mysql.cj.jdbc.ConnectionImpl@3457cc8d
[2023-12-12 12:26:14] - HikariPool-1 - Start completed.
[2023-12-12 12:26:14] - HHH90000025: MySQL8Dialect does not need to be specified explicitly using 'hibernate.dialect' (remove the property setting and it will be selected by default)
[2023-12-12 12:26:14] - HHH90000026: MySQL8Dialect has been deprecated; use org.hibernate.dialect.MySQLDialect instead
[2023-12-12 12:26:15] - HHH000489: No JTA platform available (set 'hibernate.transaction.jta.platform' to enable JTA platform integration)
[2023-12-12 12:26:15] - Initialized JPA EntityManagerFactory for persistence unit 'default'
[2023-12-12 12:26:16] - Started TerminSagerBotApplication in 3.072 seconds (process running for 3.797)
[2023-12-12 12:27:12] - Closing JPA EntityManagerFactory for persistence unit 'default'
[2023-12-12 12:27:12] - HikariPool-1 - Shutdown initiated...
[2023-12-12 12:27:12] - HikariPool-1 - Shutdown completed.
[2023-12-12 12:27:16] - Starting TerminSagerBotApplication using Java 19.0.1 with PID 25416 (F:\Java\TerminSagerBot\target\classes started by tjapka in F:\Java\TerminSagerBot)
[2023-12-12 12:27:16] - No active profile set, falling back to 1 default profile: "default"
[2023-12-12 12:27:17] - Bootstrapping Spring Data JPA repositories in DEFAULT mode.
[2023-12-12 12:27:17] - Finished Spring Data repository scanning in 49 ms. Found 4 JPA repository interfaces.
[2023-12-12 12:27:17] - HHH000204: Processing PersistenceUnitInfo [name: default]
[2023-12-12 12:27:17] - HHH000412: Hibernate ORM core version 6.2.13.Final
[2023-12-12 12:27:17] - HHH000406: Using bytecode reflection optimizer
[2023-12-12 12:27:17] - No LoadTimeWeaver setup: ignoring JPA class transformer
[2023-12-12 12:27:17] - HikariPool-1 - Starting...
[2023-12-12 12:27:17] - HikariPool-1 - Added connection com.mysql.cj.jdbc.ConnectionImpl@3457cc8d
[2023-12-12 12:27:17] - HikariPool-1 - Start completed.
[2023-12-12 12:27:18] - HHH90000025: MySQL8Dialect does not need to be specified explicitly using 'hibernate.dialect' (remove the property setting and it will be selected by default)
[2023-12-12 12:27:18] - HHH90000026: MySQL8Dialect has been deprecated; use org.hibernate.dialect.MySQLDialect instead
[2023-12-12 12:27:18] - HHH000489: No JTA platform available (set 'hibernate.transaction.jta.platform' to enable JTA platform integration)
[2023-12-12 12:27:18] - Initialized JPA EntityManagerFactory for persistence unit 'default'
[2023-12-12 12:27:19] - Started TerminSagerBotApplication in 3.19 seconds (process running for 3.917)
[2023-12-12 12:27:41] - User: DjTjapka created a new Reminder: ???? 1 3 5 7 12:00
[2023-12-12 12:30:56] - User: DjTjapka created a new Reminder: Braek 1 3 5 7 12:00
[2023-12-12 12:37:09] - Closing JPA EntityManagerFactory for persistence unit 'default'
[2023-12-12 12:37:09] - HikariPool-1 - Shutdown initiated...
[2023-12-12 12:37:09] - HikariPool-1 - Shutdown completed.
[2023-12-12 12:38:53] - Starting TerminSagerBotApplication using Java 19.0.1 with PID 13536 (F:\Java\TerminSagerBot\target\classes started by tjapka in F:\Java\TerminSagerBot)
[2023-12-12 12:38:53] - No active profile set, falling back to 1 default profile: "default"
[2023-12-12 12:38:53] - Bootstrapping Spring Data JPA repositories in DEFAULT mode.
[2023-12-12 12:38:53] - Finished Spring Data repository scanning in 51 ms. Found 4 JPA repository interfaces.
[2023-12-12 12:38:53] - HHH000204: Processing PersistenceUnitInfo [name: default]
[2023-12-12 12:38:53] - HHH000412: Hibernate ORM core version 6.2.13.Final
[2023-12-12 12:38:53] - HHH000406: Using bytecode reflection optimizer
[2023-12-12 12:38:54] - No LoadTimeWeaver setup: ignoring JPA class transformer
[2023-12-12 12:38:54] - HikariPool-1 - Starting...
[2023-12-12 12:38:54] - HikariPool-1 - Added connection com.mysql.cj.jdbc.ConnectionImpl@3457cc8d
[2023-12-12 12:38:54] - HikariPool-1 - Start completed.
[2023-12-12 12:38:54] - HHH90000025: MySQL8Dialect does not need to be specified explicitly using 'hibernate.dialect' (remove the property setting and it will be selected by default)
[2023-12-12 12:38:54] - HHH90000026: MySQL8Dialect has been deprecated; use org.hibernate.dialect.MySQLDialect instead
[2023-12-12 12:38:55] - HHH000489: No JTA platform available (set 'hibernate.transaction.jta.platform' to enable JTA platform integration)
[2023-12-12 12:38:55] - Initialized JPA EntityManagerFactory for persistence unit 'default'
[2023-12-12 12:38:56] - Started TerminSagerBotApplication in 3.116 seconds (process running for 3.847)
