[2023-12-12 12:39:15] - User: DjTjapka created a new Reminder: Braek 1 3 5 7 12:00
[2023-12-12 12:39:15] - DjTjapka | Reminder saved: Braek 1 3 5 7 12:00
[2023-12-12 12:59:22] - Closing JPA EntityManagerFactory for persistence unit 'default'
[2023-12-12 12:59:22] - HikariPool-1 - Shutdown initiated...
[2023-12-12 12:59:22] - HikariPool-1 - Shutdown completed.
[2023-12-12 12:59:28] - Starting TerminSagerBotApplication using Java 19.0.1 with PID 24072 (F:\Java\TerminSagerBot\target\classes started by tjapka in F:\Java\TerminSagerBot)
[2023-12-12 12:59:28] - No active profile set, falling back to 1 default profile: "default"
[2023-12-12 12:59:29] - Bootstrapping Spring Data JPA repositories in DEFAULT mode.
[2023-12-12 12:59:29] - Finished Spring Data repository scanning in 54 ms. Found 4 JPA repository interfaces.
[2023-12-12 12:59:29] - HHH000204: Processing PersistenceUnitInfo [name: default]
[2023-12-12 12:59:29] - HHH000412: Hibernate ORM core version 6.2.13.Final
[2023-12-12 12:59:29] - HHH000406: Using bytecode reflection optimizer
[2023-12-12 12:59:29] - No LoadTimeWeaver setup: ignoring JPA class transformer
[2023-12-12 12:59:29] - HikariPool-1 - Starting...
[2023-12-12 12:59:29] - HikariPool-1 - Added connection com.mysql.cj.jdbc.ConnectionImpl@3457cc8d
[2023-12-12 12:59:29] - HikariPool-1 - Start completed.
[2023-12-12 12:59:30] - HHH90000025: MySQL8Dialect does not need to be specified explicitly using 'hibernate.dialect' (remove the property setting and it will be selected by default)
[2023-12-12 12:59:30] - HHH90000026: MySQL8Dialect has been deprecated; use org.hibernate.dialect.MySQLDialect instead
[2023-12-12 12:59:30] - HHH000489: No JTA platform available (set 'hibernate.transaction.jta.platform' to enable JTA platform integration)
[2023-12-12 12:59:30] - Initialized JPA EntityManagerFactory for persistence unit 'default'
[2023-12-12 12:59:31] - Started TerminSagerBotApplication in 3.079 seconds (process running for 3.808)
[2023-12-12 12:59:43] - Closing JPA EntityManagerFactory for persistence unit 'default'
[2023-12-12 12:59:43] - HikariPool-1 - Shutdown initiated...
[2023-12-12 12:59:43] - HikariPool-1 - Shutdown completed.
[2023-12-12 13:01:59] - Starting TerminSagerBotApplication using Java 19.0.1 with PID 25624 (F:\Java\TerminSagerBot\target\classes started by tjapka in F:\Java\TerminSagerBot)
[2023-12-12 13:01:59] - No active profile set, falling back to 1 default profile: "default"
[2023-12-12 13:02:00] - Bootstrapping Spring Data JPA repositories in DEFAULT mode.
[2023-12-12 13:02:00] - Finished Spring Data repository scanning in 49 ms. Found 4 JPA repository interfaces.
[2023-12-12 13:02:00] - HHH000204: Processing PersistenceUnitInfo [name: default]
[2023-12-12 13:02:00] - HHH000412: Hibernate ORM core version 6.2.13.Final
[2023-12-12 13:02:00] - HHH000406: Using bytecode reflection optimizer
[2023-12-12 13:02:00] - No LoadTimeWeaver setup: ignoring JPA class transformer
[2023-12-12 13:02:00] - HikariPool-1 - Starting...
[2023-12-12 13:02:01] - HikariPool-1 - Added connection com.mysql.cj.jdbc.ConnectionImpl@3457cc8d
[2023-12-12 13:02:01] - HikariPool-1 - Start completed.
[2023-12-12 13:02:01] - HHH90000025: MySQL8Dialect does not need to be specified explicitly using 'hibernate.dialect' (remove the property setting and it will be selected by default)
[2023-12-12 13:02:01] - HHH90000026: MySQL8Dialect has been deprecated; use org.hibernate.dialect.MySQLDialect instead
[2023-12-12 13:02:02] - HHH000489: No JTA platform available (set 'hibernate.transaction.jta.platform' to enable JTA platform integration)
[2023-12-12 13:02:02] - Initialized JPA EntityManagerFactory for persistence unit 'default'
[2023-12-12 13:02:02] - Started TerminSagerBotApplication in 3.235 seconds (process running for 3.973)
[2023-12-12 13:02:11] - Closing JPA EntityManagerFactory for persistence unit 'default'
[2023-12-12 13:02:11] - HikariPool-1 - Shutdown initiated...
[2023-12-12 13:02:11] - HikariPool-1 - Shutdown completed.
[2023-12-12 13:02:31] - Starting TerminSagerBotApplication using Java 19.0.1 with PID 19404 (F:\Java\TerminSagerBot\target\classes started by tjapka in F:\Java\TerminSagerBot)
[2023-12-12 13:02:31] - No active profile set, falling back to 1 default profile: "default"
[2023-12-12 13:02:32] - Bootstrapping Spring Data JPA repositories in DEFAULT mode.
[2023-12-12 13:02:32] - Finished Spring Data repository scanning in 49 ms. Found 4 JPA repository interfaces.
[2023-12-12 13:02:32] - HHH000204: Processing PersistenceUnitInfo [name: default]
[2023-12-12 13:02:32] - HHH000412: Hibernate ORM core version 6.2.13.Final
[2023-12-12 13:02:32] - HHH000406: Using bytecode reflection optimizer
[2023-12-12 13:02:32] - No LoadTimeWeaver setup: ignoring JPA class transformer
[2023-12-12 13:02:32] - HikariPool-1 - Starting...
[2023-12-12 13:02:32] - HikariPool-1 - Added connection com.mysql.cj.jdbc.ConnectionImpl@3457cc8d
[2023-12-12 13:02:32] - HikariPool-1 - Start completed.
[2023-12-12 13:02:33] - HHH90000025: MySQL8Dialect does not need to be specified explicitly using 'hibernate.dialect' (remove the property setting and it will be selected by default)
[2023-12-12 13:02:33] - HHH90000026: MySQL8Dialect has been deprecated; use org.hibernate.dialect.MySQLDialect instead
[2023-12-12 13:02:33] - HHH000489: No JTA platform available (set 'hibernate.transaction.jta.platform' to enable JTA platform integration)
[2023-12-12 13:02:33] - Initialized JPA EntityManagerFactory for persistence unit 'default'
[2023-12-12 13:02:34] - Started TerminSagerBotApplication in 3.052 seconds (process running for 3.762)
[2023-12-12 13:02:57] - Closing JPA EntityManagerFactory for persistence unit 'default'
[2023-12-12 13:02:57] - HikariPool-1 - Shutdown initiated...
[2023-12-12 13:02:57] - HikariPool-1 - Shutdown completed.
[2023-12-12 13:03:01] - Starting TerminSagerBotApplication using Java 19.0.1 with PID 18752 (F:\Java\TerminSagerBot\target\classes started by tjapka in F:\Java\TerminSagerBot)
[2023-12-12 13:03:01] - No active profile set, falling back to 1 default profile: "default"
[2023-12-12 13:03:02] - Bootstrapping Spring Data JPA repositories in DEFAULT mode.
[2023-12-12 13:03:02] - Finished Spring Data repository scanning in 51 ms. Found 4 JPA repository interfaces.
[2023-12-12 13:03:02] - HHH000204: Processing PersistenceUnitInfo [name: default]
[2023-12-12 13:03:02] - HHH000412: Hibernate ORM core version 6.2.13.Final
[2023-12-12 13:03:02] - HHH000406: Using bytecode reflection optimizer
[2023-12-12 13:03:02] - No LoadTimeWeaver setup: ignoring JPA class transformer
[2023-12-12 13:03:02] - HikariPool-1 - Starting...
[2023-12-12 13:03:03] - HikariPool-1 - Added connection com.mysql.cj.jdbc.ConnectionImpl@3457cc8d
[2023-12-12 13:03:03] - HikariPool-1 - Start completed.
[2023-12-12 13:03:03] - HHH90000025: MySQL8Dialect does not need to be specified explicitly using 'hibernate.dialect' (remove the property setting and it will be selected by default)
[2023-12-12 13:03:03] - HHH90000026: MySQL8Dialect has been deprecated; use org.hibernate.dialect.MySQLDialect instead
[2023-12-12 13:03:03] - HHH000489: No JTA platform available (set 'hibernate.transaction.jta.platform' to enable JTA platform integration)
[2023-12-12 13:03:04] - Initialized JPA EntityManagerFactory for persistence unit 'default'
[2023-12-12 13:03:04] - Started TerminSagerBotApplication in 3.229 seconds (process running for 3.952)
[2023-12-12 13:03:10] - Closing JPA EntityManagerFactory for persistence unit 'default'
[2023-12-12 13:03:10] - HikariPool-1 - Shutdown initiated...
[2023-12-12 13:03:10] - HikariPool-1 - Shutdown completed.
[2023-12-12 13:30:30] - Starting TerminSagerBotApplication using Java 19.0.1 with PID 25296 (F:\Java\TerminSagerBot\target\classes started by tjapka in F:\Java\TerminSagerBot)
[2023-12-12 13:30:30] - No active profile set, falling back to 1 default profile: "default"
[2023-12-12 13:30:30] - Bootstrapping Spring Data JPA repositories in DEFAULT mode.
[2023-12-12 13:30:30] - Finished Spring Data repository scanning in 45 ms. Found 4 JPA repository interfaces.
[2023-12-12 13:30:31] - HHH000204: Processing PersistenceUnitInfo [name: default]
[2023-12-12 13:30:31] - HHH000412: Hibernate ORM core version 6.2.13.Final
[2023-12-12 13:30:31] - HHH000406: Using bytecode reflection optimizer
[2023-12-12 13:30:31] - No LoadTimeWeaver setup: ignoring JPA class transformer
[2023-12-12 13:30:31] - HikariPool-1 - Starting...
[2023-12-12 13:30:31] - HikariPool-1 - Added connection com.mysql.cj.jdbc.ConnectionImpl@3457cc8d
[2023-12-12 13:30:31] - HikariPool-1 - Start completed.
[2023-12-12 13:30:31] - HHH90000025: MySQL8Dialect does not need to be specified explicitly using 'hibernate.dialect' (remove the property setting and it will be selected by default)
[2023-12-12 13:30:31] - HHH90000026: MySQL8Dialect has been deprecated; use org.hibernate.dialect.MySQLDialect instead
[2023-12-12 13:30:32] - HHH000489: No JTA platform available (set 'hibernate.transaction.jta.platform' to enable JTA platform integration)
[2023-12-12 13:30:32] - Initialized JPA EntityManagerFactory for persistence unit 'default'
[2023-12-12 13:30:33] - Started TerminSagerBotApplication in 3.172 seconds (process running for 3.892)
[2023-12-12 13:30:34] - Min -10 Braek 12:00
[2023-12-12 13:30:35] - Min -10 Braek 12:00
[2023-12-12 13:30:36] - Min -10 Braek 12:00
[2023-12-12 13:30:37] - Min -10 Braek 12:00
[2023-12-12 13:30:38] - Min -10 Braek 12:00
[2023-12-12 13:30:39] - Min -10 Braek 12:00
[2023-12-12 13:30:40] - Min -10 Braek 12:00
[2023-12-12 13:30:41] - Min -10 Braek 12:00
[2023-12-12 13:30:42] - Min -10 Braek 12:00
[2023-12-12 13:30:43] - Min -10 Braek 12:00
[2023-12-12 13:30:44] - Min -10 Braek 12:00
[2023-12-12 13:30:45] - Min -10 Braek 12:00
[2023-12-12 13:30:46] - Min -10 Braek 12:00
[2023-12-12 13:30:47] - Min -10 Braek 12:00
[2023-12-12 13:30:48] - Min -10 Braek 12:00
[2023-12-12 13:30:49] - Min -10 Braek 12:00
[2023-12-12 13:30:50] - Min -10 Braek 12:00
[2023-12-12 13:30:51] - Min -10 Braek 12:00
[2023-12-12 13:30:52] - Min -10 Braek 12:00
[2023-12-12 13:30:53] - Min -10 Braek 12:00
[2023-12-12 13:30:54] - Min -10 Braek 12:00
[2023-12-12 13:30:55] - Min -10 Braek 12:00
[2023-12-12 13:30:56] - Min -10 Braek 12:00
[2023-12-12 13:30:57] - Min -10 Braek 12:00
[2023-12-12 13:30:58] - Min -10 Braek 12:00
[2023-12-12 13:30:59] - Min -10 Braek 12:00
[2023-12-12 13:31:00] - Min -10 Braek 12:00
[2023-12-12 13:31:01] - Min -10 Braek 12:00
