[2023-12-12 13:35:51] - Unexpected error occurred in scheduled task
java.lang.NumberFormatException: For input string: "13,36"
	at java.base/java.lang.NumberFormatException.forInputString(NumberFormatException.java:67)
	at java.base/java.lang.Integer.parseInt(Integer.java:665)
	at java.base/java.lang.Integer.parseInt(Integer.java:781)
	at com.tjapka.TerminSagerBot.service.Bot.reminderSender(Bot.java:636)
	at java.base/jdk.internal.reflect.DirectMethodHandleAccessor.invoke(DirectMethodHandleAccessor.java:104)
	at java.base/java.lang.reflect.Method.invoke(Method.java:578)
	at org.springframework.scheduling.support.ScheduledMethodRunnable.run(ScheduledMethodRunnable.java:84)
	at org.springframework.scheduling.support.DelegatingErrorHandlingRunnable.run(DelegatingErrorHandlingRunnable.java:54)
	at org.springframework.scheduling.concurrent.ReschedulingRunnable.run(ReschedulingRunnable.java:96)
	at java.base/java.util.concurrent.Executors$RunnableAdapter.call(Executors.java:577)
	at java.base/java.util.concurrent.FutureTask.run(FutureTask.java:317)
	at java.base/java.util.concurrent.ScheduledThreadPoolExecutor$ScheduledFutureTask.run(ScheduledThreadPoolExecutor.java:304)
	at java.base/java.util.concurrent.ThreadPoolExecutor.runWorker(ThreadPoolExecutor.java:1144)
	at java.base/java.util.concurrent.ThreadPoolExecutor$Worker.run(ThreadPoolExecutor.java:642)
	at java.base/java.lang.Thread.run(Thread.java:1589)
[2023-12-12 13:35:52] - Unexpected error occurred in scheduled task
java.lang.NumberFormatException: For input string: "13,36"
	at java.base/java.lang.NumberFormatException.forInputString(NumberFormatException.java:67)
	at java.base/java.lang.Integer.parseInt(Integer.java:665)
	at java.base/java.lang.Integer.parseInt(Integer.java:781)
	at com.tjapka.TerminSagerBot.service.Bot.reminderSender(Bot.java:636)
	at java.base/jdk.internal.reflect.DirectMethodHandleAccessor.invoke(DirectMethodHandleAccessor.java:104)
	at java.base/java.lang.reflect.Method.invoke(Method.java:578)
	at org.springframework.scheduling.support.ScheduledMethodRunnable.run(ScheduledMethodRunnable.java:84)
	at org.springframework.scheduling.support.DelegatingErrorHandlingRunnable.run(DelegatingErrorHandlingRunnable.java:54)
	at org.springframework.scheduling.concurrent.ReschedulingRunnable.run(ReschedulingRunnable.java:96)
	at java.base/java.util.concurrent.Executors$RunnableAdapter.call(Executors.java:577)
	at java.base/java.util.concurrent.FutureTask.run(FutureTask.java:317)
	at java.base/java.util.concurrent.ScheduledThreadPoolExecutor$ScheduledFutureTask.run(ScheduledThreadPoolExecutor.java:304)
	at java.base/java.util.concurrent.ThreadPoolExecutor.runWorker(ThreadPoolExecutor.java:1144)
	at java.base/java.util.concurrent.ThreadPoolExecutor$Worker.run(ThreadPoolExecutor.java:642)
	at java.base/java.lang.Thread.run(Thread.java:1589)
[2023-12-12 13:35:53] - Unexpected error occurred in scheduled task
java.lang.NumberFormatException: For input string: "13,36"
	at java.base/java.lang.NumberFormatException.forInputString(NumberFormatException.java:67)
	at java.base/java.lang.Integer.parseInt(Integer.java:665)
	at java.base/java.lang.Integer.parseInt(Integer.java:781)
	at com.tjapka.TerminSagerBot.service.Bot.reminderSender(Bot.java:636)
	at java.base/jdk.internal.reflect.DirectMethodHandleAccessor.invoke(DirectMethodHandleAccessor.java:104)
	at java.base/java.lang.reflect.Method.invoke(Method.java:578)
	at org.springframework.scheduling.support.ScheduledMethodRunnable.run(ScheduledMethodRunnable.java:84)
	at org.springframework.scheduling.support.DelegatingErrorHandlingRunnable.run(DelegatingErrorHandlingRunnable.java:54)
	at org.springframework.scheduling.concurrent.ReschedulingRunnable.run(ReschedulingRunnable.java:96)
	at java.base/java.util.concurrent.Executors$RunnableAdapter.call(Executors.java:577)
	at java.base/java.util.concurrent.FutureTask.run(FutureTask.java:317)
	at java.base/java.util.concurrent.ScheduledThreadPoolExecutor$ScheduledFutureTask.run(ScheduledThreadPoolExecutor.java:304)
	at java.base/java.util.concurrent.ThreadPoolExecutor.runWorker(ThreadPoolExecutor.java:1144)
	at java.base/java.util.concurrent.ThreadPoolExecutor$Worker.run(ThreadPoolExecutor.java:642)
	at java.base/java.lang.Thread.run(Thread.java:1589)
[2023-12-12 13:35:54] - Unexpected error occurred in scheduled task
java.lang.NumberFormatException: For input string: "13,36"
	at java.base/java.lang.NumberFormatException.forInputString(NumberFormatException.java:67)
	at java.base/java.lang.Integer.parseInt(Integer.java:665)
	at java.base/java.lang.Integer.parseInt(Integer.java:781)
	at com.tjapka.TerminSagerBot.service.Bot.reminderSender(Bot.java:636)
	at java.base/jdk.internal.reflect.DirectMethodHandleAccessor.invoke(DirectMethodHandleAccessor.java:104)
	at java.base/java.lang.reflect.Method.invoke(Method.java:578)
	at org.springframework.scheduling.support.ScheduledMethodRunnable.run(ScheduledMethodRunnable.java:84)
	at org.springframework.scheduling.support.DelegatingErrorHandlingRunnable.run(DelegatingErrorHandlingRunnable.java:54)
	at org.springframework.scheduling.concurrent.ReschedulingRunnable.run(ReschedulingRunnable.java:96)
	at java.base/java.util.concurrent.Executors$RunnableAdapter.call(Executors.java:577)
	at java.base/java.util.concurrent.FutureTask.run(FutureTask.java:317)
	at java.base/java.util.concurrent.ScheduledThreadPoolExecutor$ScheduledFutureTask.run(ScheduledThreadPoolExecutor.java:304)
	at java.base/java.util.concurrent.ThreadPoolExecutor.runWorker(ThreadPoolExecutor.java:1144)
	at java.base/java.util.concurrent.ThreadPoolExecutor$Worker.run(ThreadPoolExecutor.java:642)
	at java.base/java.lang.Thread.run(Thread.java:1589)
[2023-12-12 13:35:54] - deleted Reminder: 2 Braek 13,36
[2023-12-12 13:36:39] - User: DjTjapka created a new Reminder: Braek 1 3 5 7 13:37
[2023-12-12 13:36:39] - DjTjapka | Reminder saved: Braek 1 3 5 7 13:37
[2023-12-12 13:36:40] - Min -10 Braek 13:37
[2023-12-12 13:36:41] - Min -10 Braek 13:37
[2023-12-12 13:36:42] - Min -10 Braek 13:37
[2023-12-12 13:36:43] - Min -10 Braek 13:37
[2023-12-12 13:36:44] - Min -10 Braek 13:37
[2023-12-12 13:36:45] - Min -10 Braek 13:37
[2023-12-12 13:36:46] - Min -10 Braek 13:37
[2023-12-12 13:36:47] - Min -10 Braek 13:37
[2023-12-12 13:36:48] - Min -10 Braek 13:37
[2023-12-12 13:36:49] - Min -10 Braek 13:37
[2023-12-12 13:36:50] - Min -10 Braek 13:37
[2023-12-12 13:36:51] - Min -10 Braek 13:37
[2023-12-12 13:36:52] - Min -10 Braek 13:37
[2023-12-12 13:36:53] - Min -10 Braek 13:37
[2023-12-12 13:36:54] - Min -10 Braek 13:37
[2023-12-12 13:36:55] - Min -10 Braek 13:37
[2023-12-12 13:36:56] - Min -10 Braek 13:37
[2023-12-12 13:36:57] - Min -10 Braek 13:37
[2023-12-12 13:36:58] - Min -10 Braek 13:37
[2023-12-12 13:36:59] - Min -10 Braek 13:37
[2023-12-12 13:37:00] - Min -10 Braek 13:37
[2023-12-12 13:37:01] - Min -10 Braek 13:37
[2023-12-12 13:37:02] - Min -10 Braek 13:37
[2023-12-12 13:37:03] - Min -10 Braek 13:37
[2023-12-12 13:37:04] - Min -10 Braek 13:37
[2023-12-12 13:37:05] - Min -10 Braek 13:37
[2023-12-12 13:37:06] - Min -10 Braek 13:37
[2023-12-12 13:37:07] - Min -10 Braek 13:37
[2023-12-12 13:37:08] - Min -10 Braek 13:37
[2023-12-12 13:37:09] - Min -10 Braek 13:37
[2023-12-12 13:37:10] - Min -10 Braek 13:37
[2023-12-12 13:37:11] - Min -10 Braek 13:37
[2023-12-12 13:37:12] - Min -10 Braek 13:37
[2023-12-12 13:37:13] - Min -10 Braek 13:37
[2023-12-12 13:37:14] - Min -10 Braek 13:37
[2023-12-12 13:37:15] - Min -10 Braek 13:37
[2023-12-12 13:37:16] - Min -10 Braek 13:37
[2023-12-12 13:37:17] - Min -10 Braek 13:37
[2023-12-12 13:37:18] - Min -10 Braek 13:37
[2023-12-12 13:37:19] - Min -10 Braek 13:37
[2023-12-12 13:37:20] - Min -10 Braek 13:37
[2023-12-12 13:37:21] - Min -10 Braek 13:37
[2023-12-12 13:37:22] - Min -10 Braek 13:37
[2023-12-12 13:37:23] - Min -10 Braek 13:37
[2023-12-12 13:37:24] - Min -10 Braek 13:37
[2023-12-12 13:37:25] - Min -10 Braek 13:37
[2023-12-12 13:37:26] - Min -10 Braek 13:37
[2023-12-12 13:37:27] - Min -10 Braek 13:37
[2023-12-12 13:37:28] - Min -10 Braek 13:37
[2023-12-12 13:37:29] - Min -10 Braek 13:37
[2023-12-12 13:37:30] - Min -10 Braek 13:37
[2023-12-12 13:37:31] - Min -10 Braek 13:37
[2023-12-12 13:37:32] - Min -10 Braek 13:37
[2023-12-12 13:37:33] - Min -10 Braek 13:37
[2023-12-12 13:37:34] - Min -10 Braek 13:37
[2023-12-12 13:37:35] - Min -10 Braek 13:37
[2023-12-12 13:37:36] - Min -10 Braek 13:37
[2023-12-12 13:37:37] - Min -10 Braek 13:37
[2023-12-12 13:37:38] - Min -10 Braek 13:37
[2023-12-12 13:37:39] - Min -10 Braek 13:37
[2023-12-12 13:37:40] - Min -10 Braek 13:37
[2023-12-12 13:37:41] - Min -10 Braek 13:37
[2023-12-12 13:37:42] - Min -10 Braek 13:37
[2023-12-12 13:37:43] - Min -10 Braek 13:37
[2023-12-12 13:37:44] - Min -10 Braek 13:37
[2023-12-12 13:37:45] - Min -10 Braek 13:37
[2023-12-12 13:37:46] - Min -10 Braek 13:37
[2023-12-12 13:37:47] - Min -10 Braek 13:37
[2023-12-12 13:37:48] - Min -10 Braek 13:37
[2023-12-12 13:37:49] - Min -10 Braek 13:37
[2023-12-12 13:37:50] - Min -10 Braek 13:37
[2023-12-12 13:37:51] - Min -10 Braek 13:37
[2023-12-12 13:37:52] - Min -10 Braek 13:37
[2023-12-12 13:37:53] - Min -10 Braek 13:37
[2023-12-12 13:37:54] - Min -10 Braek 13:37
[2023-12-12 13:37:55] - Min -10 Braek 13:37
[2023-12-12 13:37:56] - Min -10 Braek 13:37
[2023-12-12 13:37:57] - Min -10 Braek 13:37
[2023-12-12 13:37:58] - Min -10 Braek 13:37
[2023-12-12 13:37:59] - Min -10 Braek 13:37
[2023-12-12 13:39:03] - Closing JPA EntityManagerFactory for persistence unit 'default'
[2023-12-12 13:39:03] - HikariPool-1 - Shutdown initiated...
[2023-12-12 13:39:03] - HikariPool-1 - Shutdown completed.
[2023-12-12 13:39:09] - Starting TerminSagerBotApplication using Java 19.0.1 with PID 26820 (F:\Java\TerminSagerBot\target\classes started by tjapka in F:\Java\TerminSagerBot)
[2023-12-12 13:39:09] - No active profile set, falling back to 1 default profile: "default"
[2023-12-12 13:39:10] - Bootstrapping Spring Data JPA repositories in DEFAULT mode.
[2023-12-12 13:39:10] - Finished Spring Data repository scanning in 46 ms. Found 4 JPA repository interfaces.
[2023-12-12 13:39:10] - HHH000204: Processing PersistenceUnitInfo [name: default]
[2023-12-12 13:39:10] - HHH000412: Hibernate ORM core version 6.2.13.Final
[2023-12-12 13:39:10] - HHH000406: Using bytecode reflection optimizer
[2023-12-12 13:39:10] - No LoadTimeWeaver setup: ignoring JPA class transformer
[2023-12-12 13:39:10] - HikariPool-1 - Starting...
[2023-12-12 13:39:11] - HikariPool-1 - Added connection com.mysql.cj.jdbc.ConnectionImpl@3457cc8d
[2023-12-12 13:39:11] - HikariPool-1 - Start completed.
[2023-12-12 13:39:11] - HHH90000025: MySQL8Dialect does not need to be specified explicitly using 'hibernate.dialect' (remove the property setting and it will be selected by default)
[2023-12-12 13:39:11] - HHH90000026: MySQL8Dialect has been deprecated; use org.hibernate.dialect.MySQLDialect instead
[2023-12-12 13:39:11] - HHH000489: No JTA platform available (set 'hibernate.transaction.jta.platform' to enable JTA platform integration)
[2023-12-12 13:39:11] - Initialized JPA EntityManagerFactory for persistence unit 'default'
[2023-12-12 13:39:12] - Started TerminSagerBotApplication in 3.134 seconds (process running for 3.864)
